d:\research\coder\simplecnn\simplecnn\simplecnn\debug\vc142.pdb
d:\research\coder\simplecnn\simplecnn\simplecnn\debug\vc142.idb
d:\research\coder\simplecnn\simplecnn\simplecnn\debug\train.obj
d:\research\coder\simplecnn\simplecnn\simplecnn\debug\stdafx.obj
d:\research\coder\simplecnn\simplecnn\simplecnn\debug\sdlfmodel.obj
d:\research\coder\simplecnn\simplecnn\simplecnn\debug\sdlflayer.obj
d:\research\coder\simplecnn\simplecnn\simplecnn\debug\sdlffunctioncuda.obj
d:\research\coder\simplecnn\simplecnn\simplecnn\debug\sdlffunction.obj
d:\research\coder\simplecnn\simplecnn\simplecnn\debug\sdlfcalculatorcuda.obj
d:\research\coder\simplecnn\simplecnn\simplecnn\debug\sdlfcalculatorcpu.obj
d:\research\coder\simplecnn\simplecnn\simplecnn\debug\sdlfcalculator.obj
d:\research\coder\simplecnn\simplecnn\simplecnn\debug\mnistfilemanager.obj
debug\kernel.cu.obj
d:\research\coder\simplecnn\simplecnn\debug\simpledeeplearningframework.exe
d:\research\coder\simplecnn\simplecnn\debug\simpledeeplearningframework.ilk
d:\research\coder\simplecnn\simplecnn\debug\simpledeeplearningframework.pdb
d:\research\coder\simplecnn\simplecnn\debug\simpledeeplearningframework.lib
d:\research\coder\simplecnn\simplecnn\debug\simpledeeplearningframework.exp
d:\research\coder\simplecnn\simplecnn\simplecnn\debug\kernel.cu.cache
d:\research\coder\simplecnn\simplecnn\simplecnn\debug\kernel.cu.obj
d:\research\coder\simplecnn\simplecnn\simplecnn\debug\simplede.7af712c1.tlog\cl.command.1.tlog
d:\research\coder\simplecnn\simplecnn\simplecnn\debug\simplede.7af712c1.tlog\cl.read.1.tlog
d:\research\coder\simplecnn\simplecnn\simplecnn\debug\simplede.7af712c1.tlog\cl.write.1.tlog
d:\research\coder\simplecnn\simplecnn\simplecnn\debug\simplede.7af712c1.tlog\cudacompile.read.1u.tlog
d:\research\coder\simplecnn\simplecnn\simplecnn\debug\simplede.7af712c1.tlog\cudacompile.write.1u.tlog
d:\research\coder\simplecnn\simplecnn\simplecnn\debug\simplede.7af712c1.tlog\link.command.1.tlog
d:\research\coder\simplecnn\simplecnn\simplecnn\debug\simplede.7af712c1.tlog\link.read.1.tlog
d:\research\coder\simplecnn\simplecnn\simplecnn\debug\simplede.7af712c1.tlog\link.write.1.tlog
d:\research\coder\simplecnn\simplecnn\simplecnn\debug\simplede.7af712c1.tlog\simpledeeplearningframework.write.1u.tlog
