d:\research\coder\simplecnn\simplecnn\simplecnn\x64\release\vc142.pdb
d:\research\coder\simplecnn\simplecnn\simplecnn\x64\release\train.obj
d:\research\coder\simplecnn\simplecnn\simplecnn\x64\release\stdafx.obj
d:\research\coder\simplecnn\simplecnn\simplecnn\x64\release\sdlfmodel.obj
d:\research\coder\simplecnn\simplecnn\simplecnn\x64\release\sdlflayer.obj
d:\research\coder\simplecnn\simplecnn\simplecnn\x64\release\sdlffunctioncuda.obj
d:\research\coder\simplecnn\simplecnn\simplecnn\x64\release\sdlffunction.obj
d:\research\coder\simplecnn\simplecnn\simplecnn\x64\release\sdlfcalculatorcuda.obj
d:\research\coder\simplecnn\simplecnn\simplecnn\x64\release\sdlfcalculatorcpu.obj
d:\research\coder\simplecnn\simplecnn\simplecnn\x64\release\sdlfcalculator.obj
d:\research\coder\simplecnn\simplecnn\simplecnn\x64\release\mnistfilemanager.obj
d:\research\coder\simplecnn\simplecnn_release\simplecnn\x64\release\vc142.pdb
d:\research\coder\simplecnn\simplecnn_release\simplecnn\x64\release\train.obj
d:\research\coder\simplecnn\simplecnn_release\simplecnn\x64\release\stdafx.obj
d:\research\coder\simplecnn\simplecnn_release\simplecnn\x64\release\sdlfmodel.obj
d:\research\coder\simplecnn\simplecnn_release\simplecnn\x64\release\sdlflayer.obj
d:\research\coder\simplecnn\simplecnn_release\simplecnn\x64\release\sdlffunctioncuda.obj
d:\research\coder\simplecnn\simplecnn_release\simplecnn\x64\release\sdlffunction.obj
d:\research\coder\simplecnn\simplecnn_release\simplecnn\x64\release\sdlfcalculatorcuda.obj
d:\research\coder\simplecnn\simplecnn_release\simplecnn\x64\release\sdlfcalculatorcpu.obj
d:\research\coder\simplecnn\simplecnn_release\simplecnn\x64\release\sdlfcalculator.obj
d:\research\coder\simplecnn\simplecnn_release\simplecnn\x64\release\mnistfilemanager.obj
d:\research\coder\simplecnn\simplecnn\x64\release\simpledeeplearningframework.exe
d:\research\coder\simplecnn\simplecnn\simplecnn\x64\release\simpledeeplearningframework.ipdb
d:\research\coder\simplecnn\simplecnn\simplecnn\x64\release\simpledeeplearningframework.iobj
d:\research\coder\simplecnn\simplecnn\x64\release\simpledeeplearningframework.pdb
d:\research\coder\simplecnn\simplecnn_release\x64\release\simpledeeplearningframework.exe
d:\research\coder\simplecnn\simplecnn_release\simplecnn\x64\release\simpledeeplearningframework.ipdb
d:\research\coder\simplecnn\simplecnn_release\simplecnn\x64\release\simpledeeplearningframework.iobj
d:\research\coder\simplecnn\simplecnn_release\x64\release\simpledeeplearningframework.pdb
d:\research\coder\simplecnn\simplecnn\x64\release\simpledeeplearningframework.lib
d:\research\coder\simplecnn\simplecnn\x64\release\simpledeeplearningframework.exp
d:\research\coder\simplecnn\simplecnn_release\x64\release\simpledeeplearningframework.lib
d:\research\coder\simplecnn\simplecnn_release\x64\release\simpledeeplearningframework.exp
d:\research\coder\simplecnn\simplecnn_release\simplecnn\x64\release\kernel.cu.cache
d:\research\coder\simplecnn\simplecnn_release\simplecnn\x64\release\kernel.cu.obj
d:\research\coder\simplecnn\simplecnn_release\simplecnn\x64\release\simplede.7af712c1.tlog\cl.command.1.tlog
d:\research\coder\simplecnn\simplecnn_release\simplecnn\x64\release\simplede.7af712c1.tlog\cl.read.1.tlog
d:\research\coder\simplecnn\simplecnn_release\simplecnn\x64\release\simplede.7af712c1.tlog\cl.write.1.tlog
d:\research\coder\simplecnn\simplecnn_release\simplecnn\x64\release\simplede.7af712c1.tlog\cudacompile.read.1u.tlog
d:\research\coder\simplecnn\simplecnn_release\simplecnn\x64\release\simplede.7af712c1.tlog\cudacompile.write.1u.tlog
d:\research\coder\simplecnn\simplecnn_release\simplecnn\x64\release\simplede.7af712c1.tlog\link.command.1.tlog
d:\research\coder\simplecnn\simplecnn_release\simplecnn\x64\release\simplede.7af712c1.tlog\link.read.1.tlog
d:\research\coder\simplecnn\simplecnn_release\simplecnn\x64\release\simplede.7af712c1.tlog\link.write.1.tlog
d:\research\coder\simplecnn\simplecnn_release\simplecnn\x64\release\simplede.7af712c1.tlog\simpledeeplearningframework.write.1u.tlog
