  Compiling CUDA source file Kernel.cu...
  
  D:\research\coder\SimpleCNN\SimpleCNN\SimpleCNN>"D:\NVIDIA\CUDA11.2\NVIDIA GPU Computing Toolkit\CUDA\v11.2\bin\nvcc.exe" -gencode=arch=compute_52,code=\"sm_52,compute_52\" --use-local-env -ccbin "C:\Program Files (x86)\Microsoft Visual Studio\2019\Community\VC\Tools\MSVC\14.28.29910\bin\HostX86\x64" -x cu   -I"D:\NVIDIA\CUDA11.2\NVIDIA GPU Computing Toolkit\CUDA\v11.2\include" -I"D:\NVIDIA\CUDA11.2\NVIDIA GPU Computing Toolkit\CUDA\v11.2\include"     --keep-dir x64\Release  -maxrregcount=0  --machine 64 --compile -cudart static    -DNDEBUG -D_CONSOLE -D_UNICODE -DUNICODE -Xcompiler "/EHsc /W3 /nologo /O2 /Fdx64\Release\vc142.pdb /FS   /MD " -o x64\Release\Kernel.cu.obj "D:\research\coder\SimpleCNN\SimpleCNN\SimpleCNN\Kernel.cu" 
D:\research\coder\SimpleCNN\SimpleCNN\SimpleCNN\KernelCPU.h(288): warning : variable "StartIndex" was declared but never referenced
  
D:\research\coder\SimpleCNN\SimpleCNN\SimpleCNN\KernelCUDA.h(342): warning : variable "StartIndex" was declared but never referenced
  
D:/research/coder/SimpleCNN/SimpleCNN/SimpleCNN/Kernel.cu(66): warning : variable "imgSize" was declared but never referenced
  
D:/research/coder/SimpleCNN/SimpleCNN/SimpleCNN/Kernel.cu(67): warning : variable "d_ConvArray" was declared but never referenced
  
D:/research/coder/SimpleCNN/SimpleCNN/SimpleCNN/Kernel.cu(206): warning : variable "InSize" was declared but never referenced
  
D:/research/coder/SimpleCNN/SimpleCNN/SimpleCNN/Kernel.cu(338): warning : variable "Batch_Pos" was declared but never referenced
  
D:/research/coder/SimpleCNN/SimpleCNN/SimpleCNN/Kernel.cu(368): warning : variable "ConvLen" was declared but never referenced
  
D:/research/coder/SimpleCNN/SimpleCNN/SimpleCNN/Kernel.cu(369): warning : variable "ImageSize" was declared but never referenced
  
D:/research/coder/SimpleCNN/SimpleCNN/SimpleCNN/Kernel.cu(397): warning : variable "InSize" was declared but never referenced
  
D:/research/coder/SimpleCNN/SimpleCNN/SimpleCNN/Kernel.cu(527): warning : variable "InSize" was declared but never referenced
  
  Kernel.cu
D:/research/coder/SimpleCNN/SimpleCNN/SimpleCNN/Kernel.cu(67): warning C4101: “d_ConvArray”: 未引用的局部变量
    正在创建库 D:\research\coder\SimpleCNN\SimpleCNN\x64\Release\SimpleDeepLearningFramework.lib 和对象 D:\research\coder\SimpleCNN\SimpleCNN\x64\Release\SimpleDeepLearningFramework.exp
  正在生成代码
  0 of 354 functions ( 0.0%) were compiled, the rest were copied from previous compilation.
    0 functions were new in current compilation
    0 functions had inline decision re-evaluated but remain unchanged
  已完成代码的生成
  SimpleCNN.vcxproj -> D:\research\coder\SimpleCNN\SimpleCNN\x64\Release\SimpleDeepLearningFramework.exe
